# Logfile created on 2014-07-03 17:04:48 +0800 by logger.rb/41954
D, [2014-07-03T17:04:48.702110 #27776] DEBUG -- : REQUESTING PAGE: GET / with {} and HTTP headers {}
D, [2014-07-03T17:04:48.755793 #27776] DEBUG -- : REQUESTING PAGE: GET / with {} and HTTP headers {"HTTP_REFERER"=>"/"}
D, [2014-07-03T17:04:48.828582 #27776] DEBUG -- : REQUESTING PAGE: GET /help with {} and HTTP headers {"HTTP_REFERER"=>"/"}
D, [2014-07-03T17:04:48.870842 #27776] DEBUG -- : REQUESTING PAGE: GET /signup with {} and HTTP headers {"HTTP_REFERER"=>"/help"}
D, [2014-07-03T17:04:52.027928 #27800] DEBUG -- : REQUESTING PAGE: GET / with {} and HTTP headers {}
D, [2014-07-03T17:04:52.125885 #27800] DEBUG -- : REQUESTING PAGE: GET / with {} and HTTP headers {"HTTP_REFERER"=>"/"}
D, [2014-07-03T17:04:52.174662 #27800] DEBUG -- : REQUESTING PAGE: GET /help with {} and HTTP headers {"HTTP_REFERER"=>"/"}
D, [2014-07-03T17:04:52.224788 #27800] DEBUG -- : REQUESTING PAGE: GET /signup with {} and HTTP headers {"HTTP_REFERER"=>"/help"}
D, [2014-07-03T17:04:54.538083 #27828] DEBUG -- : REQUESTING PAGE: GET / with {} and HTTP headers {}
D, [2014-07-03T17:04:54.590250 #27828] DEBUG -- : REQUESTING PAGE: GET / with {} and HTTP headers {"HTTP_REFERER"=>"/"}
D, [2014-07-03T17:04:54.630862 #27828] DEBUG -- : REQUESTING PAGE: GET /help with {} and HTTP headers {"HTTP_REFERER"=>"/"}
D, [2014-07-03T17:04:54.685309 #27828] DEBUG -- : REQUESTING PAGE: GET /signup with {} and HTTP headers {"HTTP_REFERER"=>"/help"}
D, [2014-07-03T17:04:56.702043 #27852] DEBUG -- : REQUESTING PAGE: GET / with {} and HTTP headers {}
D, [2014-07-03T17:04:56.760859 #27852] DEBUG -- : REQUESTING PAGE: GET / with {} and HTTP headers {"HTTP_REFERER"=>"/"}
D, [2014-07-03T17:04:56.797091 #27852] DEBUG -- : REQUESTING PAGE: GET /help with {} and HTTP headers {"HTTP_REFERER"=>"/"}
D, [2014-07-03T17:04:56.831847 #27852] DEBUG -- : REQUESTING PAGE: GET /signup with {} and HTTP headers {"HTTP_REFERER"=>"/help"}
D, [2014-07-03T17:04:58.917323 #27876] DEBUG -- : REQUESTING PAGE: GET / with {} and HTTP headers {}
D, [2014-07-03T17:04:58.967124 #27876] DEBUG -- : REQUESTING PAGE: GET / with {} and HTTP headers {"HTTP_REFERER"=>"/"}
D, [2014-07-03T17:04:59.003624 #27876] DEBUG -- : REQUESTING PAGE: GET /help with {} and HTTP headers {"HTTP_REFERER"=>"/"}
D, [2014-07-03T17:04:59.041359 #27876] DEBUG -- : REQUESTING PAGE: GET /signup with {} and HTTP headers {"HTTP_REFERER"=>"/help"}
D, [2014-07-03T17:05:01.254958 #27900] DEBUG -- : REQUESTING PAGE: GET / with {} and HTTP headers {}
D, [2014-07-03T17:05:01.356790 #27900] DEBUG -- : REQUESTING PAGE: GET / with {} and HTTP headers {"HTTP_REFERER"=>"/"}
D, [2014-07-03T17:05:01.396846 #27900] DEBUG -- : REQUESTING PAGE: GET /help with {} and HTTP headers {"HTTP_REFERER"=>"/"}
D, [2014-07-03T17:05:01.433338 #27900] DEBUG -- : REQUESTING PAGE: GET /signup with {} and HTTP headers {"HTTP_REFERER"=>"/help"}
D, [2014-07-03T17:05:03.569325 #27924] DEBUG -- : REQUESTING PAGE: GET / with {} and HTTP headers {}
D, [2014-07-03T17:05:03.630575 #27924] DEBUG -- : REQUESTING PAGE: GET / with {} and HTTP headers {"HTTP_REFERER"=>"/"}
D, [2014-07-03T17:05:03.666897 #27924] DEBUG -- : REQUESTING PAGE: GET /help with {} and HTTP headers {"HTTP_REFERER"=>"/"}
D, [2014-07-03T17:05:03.727121 #27924] DEBUG -- : REQUESTING PAGE: GET /signup with {} and HTTP headers {"HTTP_REFERER"=>"/help"}
D, [2014-07-03T17:05:05.949542 #27949] DEBUG -- : REQUESTING PAGE: GET / with {} and HTTP headers {}
D, [2014-07-03T17:05:06.006386 #27949] DEBUG -- : REQUESTING PAGE: GET / with {} and HTTP headers {"HTTP_REFERER"=>"/"}
D, [2014-07-03T17:05:06.042918 #27949] DEBUG -- : REQUESTING PAGE: GET /help with {} and HTTP headers {"HTTP_REFERER"=>"/"}
D, [2014-07-03T17:05:06.084925 #27949] DEBUG -- : REQUESTING PAGE: GET /signup with {} and HTTP headers {"HTTP_REFERER"=>"/help"}
D, [2014-07-03T17:05:08.382056 #27973] DEBUG -- : REQUESTING PAGE: GET / with {} and HTTP headers {}
D, [2014-07-03T17:05:08.720132 #27973] DEBUG -- : REQUESTING PAGE: GET / with {} and HTTP headers {"HTTP_REFERER"=>"/"}
D, [2014-07-03T17:05:08.761033 #27973] DEBUG -- : REQUESTING PAGE: GET /help with {} and HTTP headers {"HTTP_REFERER"=>"/"}
D, [2014-07-03T17:05:08.810053 #27973] DEBUG -- : REQUESTING PAGE: GET /signup with {} and HTTP headers {"HTTP_REFERER"=>"/help"}
D, [2014-07-03T17:05:11.075521 #27997] DEBUG -- : REQUESTING PAGE: GET / with {} and HTTP headers {}
D, [2014-07-03T17:05:11.131996 #27997] DEBUG -- : REQUESTING PAGE: GET / with {} and HTTP headers {"HTTP_REFERER"=>"/"}
D, [2014-07-03T17:05:11.180066 #27997] DEBUG -- : REQUESTING PAGE: GET /help with {} and HTTP headers {"HTTP_REFERER"=>"/"}
D, [2014-07-03T17:05:11.235291 #27997] DEBUG -- : REQUESTING PAGE: GET /signup with {} and HTTP headers {"HTTP_REFERER"=>"/help"}
D, [2014-07-03T17:05:13.574661 #28021] DEBUG -- : REQUESTING PAGE: GET / with {} and HTTP headers {}
D, [2014-07-03T17:05:13.647794 #28021] DEBUG -- : REQUESTING PAGE: GET / with {} and HTTP headers {"HTTP_REFERER"=>"/"}
D, [2014-07-03T17:05:13.692885 #28021] DEBUG -- : REQUESTING PAGE: GET /help with {} and HTTP headers {"HTTP_REFERER"=>"/"}
D, [2014-07-03T17:05:13.736265 #28021] DEBUG -- : REQUESTING PAGE: GET /signup with {} and HTTP headers {"HTTP_REFERER"=>"/help"}
D, [2014-07-03T17:05:32.061498 #28068] DEBUG -- : REQUESTING PAGE: GET / with {} and HTTP headers {}
D, [2014-07-03T17:05:32.145804 #28068] DEBUG -- : REQUESTING PAGE: GET / with {} and HTTP headers {"HTTP_REFERER"=>"/"}
D, [2014-07-03T17:05:32.281752 #28068] DEBUG -- : REQUESTING PAGE: GET /help with {} and HTTP headers {"HTTP_REFERER"=>"/"}
D, [2014-07-03T17:05:32.316433 #28068] DEBUG -- : REQUESTING PAGE: GET /signup with {} and HTTP headers {"HTTP_REFERER"=>"/help"}
D, [2014-07-03T17:05:35.319925 #28092] DEBUG -- : REQUESTING PAGE: GET / with {} and HTTP headers {}
D, [2014-07-03T17:05:35.397692 #28092] DEBUG -- : REQUESTING PAGE: GET / with {} and HTTP headers {"HTTP_REFERER"=>"/"}
D, [2014-07-03T17:05:35.511232 #28092] DEBUG -- : REQUESTING PAGE: GET /help with {} and HTTP headers {"HTTP_REFERER"=>"/"}
D, [2014-07-03T17:05:35.546642 #28092] DEBUG -- : REQUESTING PAGE: GET /signup with {} and HTTP headers {"HTTP_REFERER"=>"/help"}
D, [2014-07-03T17:05:37.741319 #28117] DEBUG -- : REQUESTING PAGE: GET / with {} and HTTP headers {}
D, [2014-07-03T17:05:37.824314 #28117] DEBUG -- : REQUESTING PAGE: GET / with {} and HTTP headers {"HTTP_REFERER"=>"/"}
D, [2014-07-03T17:05:37.938362 #28117] DEBUG -- : REQUESTING PAGE: GET /help with {} and HTTP headers {"HTTP_REFERER"=>"/"}
D, [2014-07-03T17:05:37.973927 #28117] DEBUG -- : REQUESTING PAGE: GET /signup with {} and HTTP headers {"HTTP_REFERER"=>"/help"}
D, [2014-07-03T17:05:39.998923 #28141] DEBUG -- : REQUESTING PAGE: GET / with {} and HTTP headers {}
D, [2014-07-03T17:05:40.089981 #28141] DEBUG -- : REQUESTING PAGE: GET / with {} and HTTP headers {"HTTP_REFERER"=>"/"}
D, [2014-07-03T17:05:40.191279 #28141] DEBUG -- : REQUESTING PAGE: GET /help with {} and HTTP headers {"HTTP_REFERER"=>"/"}
D, [2014-07-03T17:05:40.227171 #28141] DEBUG -- : REQUESTING PAGE: GET /signup with {} and HTTP headers {"HTTP_REFERER"=>"/help"}
D, [2014-07-03T17:05:42.189716 #28165] DEBUG -- : REQUESTING PAGE: GET / with {} and HTTP headers {}
D, [2014-07-03T17:05:42.321911 #28165] DEBUG -- : REQUESTING PAGE: GET / with {} and HTTP headers {"HTTP_REFERER"=>"/"}
D, [2014-07-03T17:05:42.456557 #28165] DEBUG -- : REQUESTING PAGE: GET /help with {} and HTTP headers {"HTTP_REFERER"=>"/"}
D, [2014-07-03T17:05:42.500159 #28165] DEBUG -- : REQUESTING PAGE: GET /signup with {} and HTTP headers {"HTTP_REFERER"=>"/help"}
D, [2014-07-03T17:05:44.875345 #28189] DEBUG -- : REQUESTING PAGE: GET / with {} and HTTP headers {}
D, [2014-07-03T17:05:44.949986 #28189] DEBUG -- : REQUESTING PAGE: GET / with {} and HTTP headers {"HTTP_REFERER"=>"/"}
D, [2014-07-03T17:05:45.051003 #28189] DEBUG -- : REQUESTING PAGE: GET /help with {} and HTTP headers {"HTTP_REFERER"=>"/"}
D, [2014-07-03T17:05:45.086015 #28189] DEBUG -- : REQUESTING PAGE: GET /signup with {} and HTTP headers {"HTTP_REFERER"=>"/help"}
D, [2014-07-03T17:05:47.093630 #28213] DEBUG -- : REQUESTING PAGE: GET / with {} and HTTP headers {}
D, [2014-07-03T17:05:47.172988 #28213] DEBUG -- : REQUESTING PAGE: GET / with {} and HTTP headers {"HTTP_REFERER"=>"/"}
D, [2014-07-03T17:05:47.273524 #28213] DEBUG -- : REQUESTING PAGE: GET /help with {} and HTTP headers {"HTTP_REFERER"=>"/"}
D, [2014-07-03T17:05:47.308757 #28213] DEBUG -- : REQUESTING PAGE: GET /signup with {} and HTTP headers {"HTTP_REFERER"=>"/help"}
D, [2014-07-03T17:05:50.991794 #28236] DEBUG -- : REQUESTING PAGE: GET / with {} and HTTP headers {}
D, [2014-07-03T17:05:51.044212 #28236] DEBUG -- : REQUESTING PAGE: GET / with {} and HTTP headers {"HTTP_REFERER"=>"/"}
D, [2014-07-03T17:05:51.082123 #28236] DEBUG -- : REQUESTING PAGE: GET /help with {} and HTTP headers {"HTTP_REFERER"=>"/"}
D, [2014-07-03T17:05:51.117540 #28236] DEBUG -- : REQUESTING PAGE: GET /signup with {} and HTTP headers {"HTTP_REFERER"=>"/help"}
D, [2014-07-03T17:12:53.313374 #28348] DEBUG -- : REQUESTING PAGE: GET / with {} and HTTP headers {}
D, [2014-07-03T17:12:53.443020 #28348] DEBUG -- : REQUESTING PAGE: GET / with {} and HTTP headers {"HTTP_REFERER"=>"/"}
D, [2014-07-03T17:12:53.478254 #28348] DEBUG -- : REQUESTING PAGE: GET /help with {} and HTTP headers {"HTTP_REFERER"=>"/"}
D, [2014-07-03T17:12:56.428495 #28372] DEBUG -- : REQUESTING PAGE: GET / with {} and HTTP headers {}
D, [2014-07-03T17:12:56.553994 #28372] DEBUG -- : REQUESTING PAGE: GET / with {} and HTTP headers {"HTTP_REFERER"=>"/"}
D, [2014-07-03T17:12:56.589669 #28372] DEBUG -- : REQUESTING PAGE: GET /help with {} and HTTP headers {"HTTP_REFERER"=>"/"}
D, [2014-07-03T17:21:15.027570 #28928] DEBUG -- : REQUESTING PAGE: GET / with {} and HTTP headers {}
D, [2014-07-03T17:21:15.169552 #28928] DEBUG -- : REQUESTING PAGE: GET / with {} and HTTP headers {"HTTP_REFERER"=>"/"}
D, [2014-07-03T17:21:15.215462 #28928] DEBUG -- : REQUESTING PAGE: GET /help with {} and HTTP headers {"HTTP_REFERER"=>"/"}
D, [2014-07-03T17:21:18.044424 #28952] DEBUG -- : REQUESTING PAGE: GET / with {} and HTTP headers {}
D, [2014-07-03T17:21:18.172607 #28952] DEBUG -- : REQUESTING PAGE: GET / with {} and HTTP headers {"HTTP_REFERER"=>"/"}
D, [2014-07-03T17:21:18.213995 #28952] DEBUG -- : REQUESTING PAGE: GET /help with {} and HTTP headers {"HTTP_REFERER"=>"/"}
D, [2014-07-03T22:49:18.085063 #29186] DEBUG -- : REQUESTING PAGE: GET / with {} and HTTP headers {}
D, [2014-07-03T22:49:18.137036 #29186] DEBUG -- : REQUESTING PAGE: GET / with {} and HTTP headers {"HTTP_REFERER"=>"/"}
D, [2014-07-03T22:49:18.178979 #29186] DEBUG -- : REQUESTING PAGE: GET /help with {} and HTTP headers {"HTTP_REFERER"=>"/"}
D, [2014-07-03T22:49:18.213338 #29186] DEBUG -- : REQUESTING PAGE: GET /signup with {} and HTTP headers {"HTTP_REFERER"=>"/help"}
D, [2014-07-03T22:49:18.263948 #29186] DEBUG -- : REQUESTING PAGE: GET /about with {} and HTTP headers {"HTTP_REFERER"=>"/signup"}
D, [2014-07-03T22:49:18.317012 #29186] DEBUG -- : REQUESTING PAGE: GET /contact with {} and HTTP headers {"HTTP_REFERER"=>"/about"}
D, [2014-07-03T22:49:21.684503 #29210] DEBUG -- : REQUESTING PAGE: GET / with {} and HTTP headers {}
D, [2014-07-03T22:49:21.821841 #29210] DEBUG -- : REQUESTING PAGE: GET / with {} and HTTP headers {"HTTP_REFERER"=>"/"}
D, [2014-07-03T22:49:21.859175 #29210] DEBUG -- : REQUESTING PAGE: GET /help with {} and HTTP headers {"HTTP_REFERER"=>"/"}
D, [2014-07-03T22:49:21.901177 #29210] DEBUG -- : REQUESTING PAGE: GET /signup with {} and HTTP headers {"HTTP_REFERER"=>"/help"}
D, [2014-07-03T22:49:21.938750 #29210] DEBUG -- : REQUESTING PAGE: GET /about with {} and HTTP headers {"HTTP_REFERER"=>"/signup"}
D, [2014-07-03T22:49:21.974028 #29210] DEBUG -- : REQUESTING PAGE: GET /contact with {} and HTTP headers {"HTTP_REFERER"=>"/about"}
D, [2014-07-03T22:49:24.369706 #29234] DEBUG -- : REQUESTING PAGE: GET / with {} and HTTP headers {}
D, [2014-07-03T22:49:24.508072 #29234] DEBUG -- : REQUESTING PAGE: GET / with {} and HTTP headers {"HTTP_REFERER"=>"/"}
D, [2014-07-03T22:49:24.544749 #29234] DEBUG -- : REQUESTING PAGE: GET /help with {} and HTTP headers {"HTTP_REFERER"=>"/"}
D, [2014-07-03T22:49:24.603392 #29234] DEBUG -- : REQUESTING PAGE: GET /signup with {} and HTTP headers {"HTTP_REFERER"=>"/help"}
D, [2014-07-03T22:49:24.641206 #29234] DEBUG -- : REQUESTING PAGE: GET /about with {} and HTTP headers {"HTTP_REFERER"=>"/signup"}
D, [2014-07-03T22:49:24.676363 #29234] DEBUG -- : REQUESTING PAGE: GET /contact with {} and HTTP headers {"HTTP_REFERER"=>"/about"}
D, [2014-07-03T22:50:57.242473 #29263] DEBUG -- : REQUESTING PAGE: GET / with {} and HTTP headers {}
D, [2014-07-03T22:50:57.292391 #29263] DEBUG -- : REQUESTING PAGE: GET / with {} and HTTP headers {"HTTP_REFERER"=>"/"}
D, [2014-07-03T22:50:57.327648 #29263] DEBUG -- : REQUESTING PAGE: GET /help with {} and HTTP headers {"HTTP_REFERER"=>"/"}
D, [2014-07-03T22:50:57.366138 #29263] DEBUG -- : REQUESTING PAGE: GET /signup with {} and HTTP headers {"HTTP_REFERER"=>"/help"}
D, [2014-07-03T22:50:57.416707 #29263] DEBUG -- : REQUESTING PAGE: GET /about with {} and HTTP headers {"HTTP_REFERER"=>"/signup"}
D, [2014-07-03T22:50:57.467218 #29263] DEBUG -- : REQUESTING PAGE: GET /contact with {} and HTTP headers {"HTTP_REFERER"=>"/about"}
D, [2014-07-03T22:51:00.505053 #29287] DEBUG -- : REQUESTING PAGE: GET / with {} and HTTP headers {}
D, [2014-07-03T22:51:00.622928 #29287] DEBUG -- : REQUESTING PAGE: GET / with {} and HTTP headers {"HTTP_REFERER"=>"/"}
D, [2014-07-03T22:51:00.659214 #29287] DEBUG -- : REQUESTING PAGE: GET /help with {} and HTTP headers {"HTTP_REFERER"=>"/"}
D, [2014-07-03T22:51:00.695281 #29287] DEBUG -- : REQUESTING PAGE: GET /signup with {} and HTTP headers {"HTTP_REFERER"=>"/help"}
D, [2014-07-03T22:51:00.740733 #29287] DEBUG -- : REQUESTING PAGE: GET /about with {} and HTTP headers {"HTTP_REFERER"=>"/signup"}
D, [2014-07-03T22:51:00.781708 #29287] DEBUG -- : REQUESTING PAGE: GET /contact with {} and HTTP headers {"HTTP_REFERER"=>"/about"}
D, [2014-07-03T22:51:03.309305 #29300] DEBUG -- : REQUESTING PAGE: GET / with {} and HTTP headers {}
D, [2014-07-03T22:51:03.363279 #29300] DEBUG -- : REQUESTING PAGE: GET / with {} and HTTP headers {"HTTP_REFERER"=>"/"}
D, [2014-07-03T22:51:03.397963 #29300] DEBUG -- : REQUESTING PAGE: GET /help with {} and HTTP headers {"HTTP_REFERER"=>"/"}
D, [2014-07-03T22:51:03.443680 #29300] DEBUG -- : REQUESTING PAGE: GET /signup with {} and HTTP headers {"HTTP_REFERER"=>"/help"}
D, [2014-07-03T22:51:03.496298 #29300] DEBUG -- : REQUESTING PAGE: GET /about with {} and HTTP headers {"HTTP_REFERER"=>"/signup"}
D, [2014-07-03T22:51:03.548326 #29300] DEBUG -- : REQUESTING PAGE: GET /contact with {} and HTTP headers {"HTTP_REFERER"=>"/about"}
D, [2014-07-03T22:52:10.318004 #29351] DEBUG -- : REQUESTING PAGE: GET / with {} and HTTP headers {}
D, [2014-07-03T22:52:10.439691 #29351] DEBUG -- : REQUESTING PAGE: GET / with {} and HTTP headers {"HTTP_REFERER"=>"/"}
D, [2014-07-03T22:52:10.548043 #29351] DEBUG -- : REQUESTING PAGE: GET /help with {} and HTTP headers {"HTTP_REFERER"=>"/"}
D, [2014-07-03T22:52:10.587251 #29351] DEBUG -- : REQUESTING PAGE: GET /about with {} and HTTP headers {"HTTP_REFERER"=>"/help"}
D, [2014-07-03T22:52:10.622056 #29351] DEBUG -- : REQUESTING PAGE: GET /contact with {} and HTTP headers {"HTTP_REFERER"=>"/about"}
D, [2014-07-03T22:52:12.664940 #29375] DEBUG -- : REQUESTING PAGE: GET / with {} and HTTP headers {}
D, [2014-07-03T22:52:12.850325 #29375] DEBUG -- : REQUESTING PAGE: GET / with {} and HTTP headers {"HTTP_REFERER"=>"/"}
D, [2014-07-03T22:52:12.903280 #29375] DEBUG -- : REQUESTING PAGE: GET /help with {} and HTTP headers {"HTTP_REFERER"=>"/"}
D, [2014-07-03T22:52:12.954555 #29375] DEBUG -- : REQUESTING PAGE: GET /about with {} and HTTP headers {"HTTP_REFERER"=>"/help"}
D, [2014-07-03T22:52:13.077451 #29375] DEBUG -- : REQUESTING PAGE: GET /contact with {} and HTTP headers {"HTTP_REFERER"=>"/about"}
D, [2014-07-03T22:53:17.284556 #29428] DEBUG -- : REQUESTING PAGE: GET / with {} and HTTP headers {}
D, [2014-07-03T22:53:17.495546 #29428] DEBUG -- : REQUESTING PAGE: GET / with {} and HTTP headers {"HTTP_REFERER"=>"/"}
D, [2014-07-03T22:53:17.532111 #29428] DEBUG -- : REQUESTING PAGE: GET /help with {} and HTTP headers {"HTTP_REFERER"=>"/"}
D, [2014-07-03T22:53:17.568054 #29428] DEBUG -- : REQUESTING PAGE: GET /about with {} and HTTP headers {"HTTP_REFERER"=>"/help"}
D, [2014-07-03T22:53:17.603232 #29428] DEBUG -- : REQUESTING PAGE: GET /contact with {} and HTTP headers {"HTTP_REFERER"=>"/about"}
D, [2014-07-03T22:54:26.144306 #29468] DEBUG -- : REQUESTING PAGE: GET / with {} and HTTP headers {}
D, [2014-07-03T22:54:26.397517 #29468] DEBUG -- : REQUESTING PAGE: GET / with {} and HTTP headers {"HTTP_REFERER"=>"/"}
D, [2014-07-03T22:54:26.476505 #29468] DEBUG -- : REQUESTING PAGE: GET /help with {} and HTTP headers {"HTTP_REFERER"=>"/"}
D, [2014-07-03T22:54:26.557472 #29468] DEBUG -- : REQUESTING PAGE: GET /about with {} and HTTP headers {"HTTP_REFERER"=>"/help"}
D, [2014-07-03T22:54:26.741240 #29468] DEBUG -- : REQUESTING PAGE: GET /contact with {} and HTTP headers {"HTTP_REFERER"=>"/about"}
D, [2014-07-03T22:54:26.846940 #29468] DEBUG -- : REQUESTING PAGE: GET /signup with {} and HTTP headers {"HTTP_REFERER"=>"/contact"}
D, [2014-07-03T22:55:17.458877 #29511] DEBUG -- : REQUESTING PAGE: GET / with {} and HTTP headers {}
D, [2014-07-03T22:55:17.804734 #29511] DEBUG -- : REQUESTING PAGE: GET / with {} and HTTP headers {"HTTP_REFERER"=>"/"}
D, [2014-07-03T22:55:17.898746 #29511] DEBUG -- : REQUESTING PAGE: GET /help with {} and HTTP headers {"HTTP_REFERER"=>"/"}
D, [2014-07-03T22:55:17.978063 #29511] DEBUG -- : REQUESTING PAGE: GET /about with {} and HTTP headers {"HTTP_REFERER"=>"/help"}
D, [2014-07-03T22:55:18.150743 #29511] DEBUG -- : REQUESTING PAGE: GET /contact with {} and HTTP headers {"HTTP_REFERER"=>"/about"}
D, [2014-07-03T22:55:18.257612 #29511] DEBUG -- : REQUESTING PAGE: GET /signup with {} and HTTP headers {"HTTP_REFERER"=>"/contact"}
D, [2014-07-03T22:55:20.663594 #29539] DEBUG -- : REQUESTING PAGE: GET / with {} and HTTP headers {}
D, [2014-07-03T22:55:20.908999 #29539] DEBUG -- : REQUESTING PAGE: GET / with {} and HTTP headers {"HTTP_REFERER"=>"/"}
D, [2014-07-03T22:55:20.967378 #29539] DEBUG -- : REQUESTING PAGE: GET /help with {} and HTTP headers {"HTTP_REFERER"=>"/"}
D, [2014-07-03T22:55:21.027581 #29539] DEBUG -- : REQUESTING PAGE: GET /about with {} and HTTP headers {"HTTP_REFERER"=>"/help"}
D, [2014-07-03T22:55:21.170073 #29539] DEBUG -- : REQUESTING PAGE: GET /contact with {} and HTTP headers {"HTTP_REFERER"=>"/about"}
D, [2014-07-03T22:55:21.210908 #29539] DEBUG -- : REQUESTING PAGE: GET /signup with {} and HTTP headers {"HTTP_REFERER"=>"/contact"}
D, [2014-07-03T22:56:27.673545 #29598] DEBUG -- : REQUESTING PAGE: GET / with {} and HTTP headers {}
D, [2014-07-03T22:56:27.860700 #29598] DEBUG -- : REQUESTING PAGE: GET / with {} and HTTP headers {"HTTP_REFERER"=>"/"}
D, [2014-07-03T22:56:27.896025 #29598] DEBUG -- : REQUESTING PAGE: GET /help with {} and HTTP headers {"HTTP_REFERER"=>"/"}
D, [2014-07-03T22:56:27.936371 #29598] DEBUG -- : REQUESTING PAGE: GET /about with {} and HTTP headers {"HTTP_REFERER"=>"/help"}
D, [2014-07-03T22:56:27.971679 #29598] DEBUG -- : REQUESTING PAGE: GET /contact with {} and HTTP headers {"HTTP_REFERER"=>"/about"}
D, [2014-07-03T22:56:28.006485 #29598] DEBUG -- : REQUESTING PAGE: GET /signup with {} and HTTP headers {"HTTP_REFERER"=>"/contact"}
D, [2014-07-03T22:56:29.919032 #29622] DEBUG -- : REQUESTING PAGE: GET / with {} and HTTP headers {}
D, [2014-07-03T22:56:30.133743 #29622] DEBUG -- : REQUESTING PAGE: GET / with {} and HTTP headers {"HTTP_REFERER"=>"/"}
D, [2014-07-03T22:56:30.189699 #29622] DEBUG -- : REQUESTING PAGE: GET /help with {} and HTTP headers {"HTTP_REFERER"=>"/"}
D, [2014-07-03T22:56:30.243561 #29622] DEBUG -- : REQUESTING PAGE: GET /about with {} and HTTP headers {"HTTP_REFERER"=>"/help"}
D, [2014-07-03T22:56:30.356496 #29622] DEBUG -- : REQUESTING PAGE: GET /contact with {} and HTTP headers {"HTTP_REFERER"=>"/about"}
D, [2014-07-03T22:56:30.393740 #29622] DEBUG -- : REQUESTING PAGE: GET /signup with {} and HTTP headers {"HTTP_REFERER"=>"/contact"}
D, [2014-07-03T22:56:32.312071 #29646] DEBUG -- : REQUESTING PAGE: GET / with {} and HTTP headers {}
D, [2014-07-03T22:56:32.550850 #29646] DEBUG -- : REQUESTING PAGE: GET / with {} and HTTP headers {"HTTP_REFERER"=>"/"}
D, [2014-07-03T22:56:32.607433 #29646] DEBUG -- : REQUESTING PAGE: GET /help with {} and HTTP headers {"HTTP_REFERER"=>"/"}
D, [2014-07-03T22:56:32.662543 #29646] DEBUG -- : REQUESTING PAGE: GET /about with {} and HTTP headers {"HTTP_REFERER"=>"/help"}
D, [2014-07-03T22:56:32.768941 #29646] DEBUG -- : REQUESTING PAGE: GET /contact with {} and HTTP headers {"HTTP_REFERER"=>"/about"}
D, [2014-07-03T22:56:32.804761 #29646] DEBUG -- : REQUESTING PAGE: GET /signup with {} and HTTP headers {"HTTP_REFERER"=>"/contact"}
D, [2014-07-03T22:58:04.040167 #29685] DEBUG -- : REQUESTING PAGE: GET / with {} and HTTP headers {}
D, [2014-07-03T22:58:04.246427 #29685] DEBUG -- : REQUESTING PAGE: GET / with {} and HTTP headers {"HTTP_REFERER"=>"/"}
D, [2014-07-03T22:58:04.285447 #29685] DEBUG -- : REQUESTING PAGE: GET /help with {} and HTTP headers {"HTTP_REFERER"=>"/"}
D, [2014-07-03T22:58:04.367660 #29685] DEBUG -- : REQUESTING PAGE: GET /about with {} and HTTP headers {"HTTP_REFERER"=>"/help"}
D, [2014-07-03T22:58:04.407181 #29685] DEBUG -- : REQUESTING PAGE: GET /contact with {} and HTTP headers {"HTTP_REFERER"=>"/about"}
D, [2014-07-03T22:58:06.884641 #29710] DEBUG -- : REQUESTING PAGE: GET / with {} and HTTP headers {}
D, [2014-07-03T22:58:07.109204 #29710] DEBUG -- : REQUESTING PAGE: GET / with {} and HTTP headers {"HTTP_REFERER"=>"/"}
D, [2014-07-03T22:58:07.175404 #29710] DEBUG -- : REQUESTING PAGE: GET /help with {} and HTTP headers {"HTTP_REFERER"=>"/"}
D, [2014-07-03T22:58:07.281634 #29710] DEBUG -- : REQUESTING PAGE: GET /about with {} and HTTP headers {"HTTP_REFERER"=>"/help"}
D, [2014-07-03T22:58:07.403672 #29710] DEBUG -- : REQUESTING PAGE: GET /contact with {} and HTTP headers {"HTTP_REFERER"=>"/about"}
D, [2014-07-03T22:58:09.169335 #29734] DEBUG -- : REQUESTING PAGE: GET / with {} and HTTP headers {}
D, [2014-07-03T22:58:09.440204 #29734] DEBUG -- : REQUESTING PAGE: GET / with {} and HTTP headers {"HTTP_REFERER"=>"/"}
D, [2014-07-03T22:58:09.516000 #29734] DEBUG -- : REQUESTING PAGE: GET /help with {} and HTTP headers {"HTTP_REFERER"=>"/"}
D, [2014-07-03T22:58:09.576944 #29734] DEBUG -- : REQUESTING PAGE: GET /about with {} and HTTP headers {"HTTP_REFERER"=>"/help"}
D, [2014-07-03T22:58:09.685777 #29734] DEBUG -- : REQUESTING PAGE: GET /contact with {} and HTTP headers {"HTTP_REFERER"=>"/about"}
D, [2014-07-03T22:58:11.434888 #29758] DEBUG -- : REQUESTING PAGE: GET / with {} and HTTP headers {}
D, [2014-07-03T22:58:11.636666 #29758] DEBUG -- : REQUESTING PAGE: GET / with {} and HTTP headers {"HTTP_REFERER"=>"/"}
D, [2014-07-03T22:58:11.695318 #29758] DEBUG -- : REQUESTING PAGE: GET /help with {} and HTTP headers {"HTTP_REFERER"=>"/"}
D, [2014-07-03T22:58:11.749544 #29758] DEBUG -- : REQUESTING PAGE: GET /about with {} and HTTP headers {"HTTP_REFERER"=>"/help"}
D, [2014-07-03T22:58:11.847284 #29758] DEBUG -- : REQUESTING PAGE: GET /contact with {} and HTTP headers {"HTTP_REFERER"=>"/about"}
D, [2014-07-03T22:58:13.622578 #29782] DEBUG -- : REQUESTING PAGE: GET / with {} and HTTP headers {}
D, [2014-07-03T22:58:13.826907 #29782] DEBUG -- : REQUESTING PAGE: GET / with {} and HTTP headers {"HTTP_REFERER"=>"/"}
D, [2014-07-03T22:58:13.883688 #29782] DEBUG -- : REQUESTING PAGE: GET /help with {} and HTTP headers {"HTTP_REFERER"=>"/"}
D, [2014-07-03T22:58:13.948402 #29782] DEBUG -- : REQUESTING PAGE: GET /about with {} and HTTP headers {"HTTP_REFERER"=>"/help"}
D, [2014-07-03T22:58:14.043324 #29782] DEBUG -- : REQUESTING PAGE: GET /contact with {} and HTTP headers {"HTTP_REFERER"=>"/about"}
D, [2014-07-03T22:58:15.844472 #29806] DEBUG -- : REQUESTING PAGE: GET / with {} and HTTP headers {}
D, [2014-07-03T22:58:16.071258 #29806] DEBUG -- : REQUESTING PAGE: GET / with {} and HTTP headers {"HTTP_REFERER"=>"/"}
D, [2014-07-03T22:58:16.135588 #29806] DEBUG -- : REQUESTING PAGE: GET /help with {} and HTTP headers {"HTTP_REFERER"=>"/"}
D, [2014-07-03T22:58:16.202327 #29806] DEBUG -- : REQUESTING PAGE: GET /about with {} and HTTP headers {"HTTP_REFERER"=>"/help"}
D, [2014-07-03T22:58:16.312348 #29806] DEBUG -- : REQUESTING PAGE: GET /contact with {} and HTTP headers {"HTTP_REFERER"=>"/about"}
D, [2014-07-03T23:05:01.723956 #30040] DEBUG -- : REQUESTING PAGE: GET / with {} and HTTP headers {}
D, [2014-07-03T23:05:01.831272 #30040] DEBUG -- : REQUESTING PAGE: GET / with {} and HTTP headers {"HTTP_REFERER"=>"/"}
D, [2014-07-03T23:05:01.866820 #30040] DEBUG -- : REQUESTING PAGE: GET /help with {} and HTTP headers {"HTTP_REFERER"=>"/"}
D, [2014-07-03T23:05:01.911568 #30040] DEBUG -- : REQUESTING PAGE: GET /about with {} and HTTP headers {"HTTP_REFERER"=>"/help"}
D, [2014-07-03T23:05:01.946692 #30040] DEBUG -- : REQUESTING PAGE: GET /contact with {} and HTTP headers {"HTTP_REFERER"=>"/about"}
D, [2014-07-03T23:05:01.995520 #30040] DEBUG -- : REQUESTING PAGE: GET /signup with {} and HTTP headers {"HTTP_REFERER"=>"/contact"}
D, [2014-07-03T23:06:07.385289 #30081] DEBUG -- : REQUESTING PAGE: GET / with {} and HTTP headers {}
D, [2014-07-03T23:06:07.476455 #30081] DEBUG -- : REQUESTING PAGE: GET / with {} and HTTP headers {"HTTP_REFERER"=>"/"}
D, [2014-07-03T23:06:07.511849 #30081] DEBUG -- : REQUESTING PAGE: GET /help with {} and HTTP headers {"HTTP_REFERER"=>"/"}
D, [2014-07-03T23:06:07.547613 #30081] DEBUG -- : REQUESTING PAGE: GET /about with {} and HTTP headers {"HTTP_REFERER"=>"/help"}
D, [2014-07-03T23:06:07.586247 #30081] DEBUG -- : REQUESTING PAGE: GET /contact with {} and HTTP headers {"HTTP_REFERER"=>"/about"}
D, [2014-07-03T23:06:07.622596 #30081] DEBUG -- : REQUESTING PAGE: GET /signup with {} and HTTP headers {"HTTP_REFERER"=>"/contact"}
D, [2014-07-03T23:10:43.470065 #30418] DEBUG -- : REQUESTING PAGE: GET / with {} and HTTP headers {}
D, [2014-07-03T23:10:43.549591 #30418] DEBUG -- : REQUESTING PAGE: GET / with {} and HTTP headers {"HTTP_REFERER"=>"/"}
D, [2014-07-03T23:10:43.643298 #30418] DEBUG -- : REQUESTING PAGE: GET /help with {} and HTTP headers {"HTTP_REFERER"=>"/"}
D, [2014-07-03T23:10:43.679758 #30418] DEBUG -- : REQUESTING PAGE: GET /about with {} and HTTP headers {"HTTP_REFERER"=>"/help"}
D, [2014-07-03T23:10:43.714514 #30418] DEBUG -- : REQUESTING PAGE: GET /contact with {} and HTTP headers {"HTTP_REFERER"=>"/about"}
D, [2014-07-03T23:10:43.748515 #30418] DEBUG -- : REQUESTING PAGE: GET /signup with {} and HTTP headers {"HTTP_REFERER"=>"/contact"}
D, [2014-07-03T23:10:46.528570 #30442] DEBUG -- : REQUESTING PAGE: GET / with {} and HTTP headers {}
D, [2014-07-03T23:10:46.631240 #30442] DEBUG -- : REQUESTING PAGE: GET / with {} and HTTP headers {"HTTP_REFERER"=>"/"}
D, [2014-07-03T23:10:46.738486 #30442] DEBUG -- : REQUESTING PAGE: GET /help with {} and HTTP headers {"HTTP_REFERER"=>"/"}
D, [2014-07-03T23:10:46.773637 #30442] DEBUG -- : REQUESTING PAGE: GET /about with {} and HTTP headers {"HTTP_REFERER"=>"/help"}
D, [2014-07-03T23:10:46.808395 #30442] DEBUG -- : REQUESTING PAGE: GET /contact with {} and HTTP headers {"HTTP_REFERER"=>"/about"}
D, [2014-07-03T23:10:46.843243 #30442] DEBUG -- : REQUESTING PAGE: GET /signup with {} and HTTP headers {"HTTP_REFERER"=>"/contact"}
D, [2014-07-05T08:47:54.107075 #32744] DEBUG -- : REQUESTING PAGE: GET / with {} and HTTP headers {}
D, [2014-07-05T08:47:54.165389 #32744] DEBUG -- : REQUESTING PAGE: GET / with {} and HTTP headers {"HTTP_REFERER"=>"/"}
D, [2014-07-05T08:47:54.205229 #32744] DEBUG -- : REQUESTING PAGE: GET /help with {} and HTTP headers {"HTTP_REFERER"=>"/"}
D, [2014-07-05T08:47:54.242091 #32744] DEBUG -- : REQUESTING PAGE: GET /about with {} and HTTP headers {"HTTP_REFERER"=>"/help"}
D, [2014-07-05T08:47:54.278515 #32744] DEBUG -- : REQUESTING PAGE: GET /contact with {} and HTTP headers {"HTTP_REFERER"=>"/about"}
D, [2014-07-05T08:47:54.313653 #32744] DEBUG -- : REQUESTING PAGE: GET /signup with {} and HTTP headers {"HTTP_REFERER"=>"/contact"}
D, [2014-07-05T08:47:54.350101 #32744] DEBUG -- : REQUESTING PAGE: GET /signup with {} and HTTP headers {"HTTP_REFERER"=>"/signup"}
D, [2014-07-05T08:52:18.131980 #354] DEBUG -- : REQUESTING PAGE: GET / with {} and HTTP headers {}
D, [2014-07-05T08:52:18.175940 #354] DEBUG -- : REQUESTING PAGE: GET / with {} and HTTP headers {"HTTP_REFERER"=>"/"}
D, [2014-07-05T08:52:18.211499 #354] DEBUG -- : REQUESTING PAGE: GET /help with {} and HTTP headers {"HTTP_REFERER"=>"/"}
D, [2014-07-05T08:52:18.246365 #354] DEBUG -- : REQUESTING PAGE: GET /about with {} and HTTP headers {"HTTP_REFERER"=>"/help"}
D, [2014-07-05T08:52:18.280824 #354] DEBUG -- : REQUESTING PAGE: GET /contact with {} and HTTP headers {"HTTP_REFERER"=>"/about"}
D, [2014-07-05T08:52:18.321792 #354] DEBUG -- : REQUESTING PAGE: GET /signup with {} and HTTP headers {"HTTP_REFERER"=>"/contact"}
D, [2014-07-05T08:53:55.793239 #536] DEBUG -- : REQUESTING PAGE: GET / with {} and HTTP headers {}
D, [2014-07-05T08:53:55.895220 #536] DEBUG -- : REQUESTING PAGE: GET / with {} and HTTP headers {"HTTP_REFERER"=>"/"}
D, [2014-07-05T08:53:55.971223 #536] DEBUG -- : REQUESTING PAGE: GET /help with {} and HTTP headers {"HTTP_REFERER"=>"/"}
D, [2014-07-05T08:53:56.040843 #536] DEBUG -- : REQUESTING PAGE: GET /about with {} and HTTP headers {"HTTP_REFERER"=>"/help"}
D, [2014-07-05T08:53:56.129602 #536] DEBUG -- : REQUESTING PAGE: GET /contact with {} and HTTP headers {"HTTP_REFERER"=>"/about"}
D, [2014-07-05T08:53:58.945048 #565] DEBUG -- : REQUESTING PAGE: GET / with {} and HTTP headers {}
D, [2014-07-05T08:53:58.998080 #565] DEBUG -- : REQUESTING PAGE: GET / with {} and HTTP headers {"HTTP_REFERER"=>"/"}
D, [2014-07-05T08:53:59.033342 #565] DEBUG -- : REQUESTING PAGE: GET /help with {} and HTTP headers {"HTTP_REFERER"=>"/"}
D, [2014-07-05T08:53:59.068267 #565] DEBUG -- : REQUESTING PAGE: GET /about with {} and HTTP headers {"HTTP_REFERER"=>"/help"}
D, [2014-07-05T08:53:59.105366 #565] DEBUG -- : REQUESTING PAGE: GET /contact with {} and HTTP headers {"HTTP_REFERER"=>"/about"}
D, [2014-07-05T08:54:01.392348 #594] DEBUG -- : REQUESTING PAGE: GET / with {} and HTTP headers {}
D, [2014-07-05T08:54:01.446891 #594] DEBUG -- : REQUESTING PAGE: GET / with {} and HTTP headers {"HTTP_REFERER"=>"/"}
D, [2014-07-05T08:54:01.485279 #594] DEBUG -- : REQUESTING PAGE: GET /help with {} and HTTP headers {"HTTP_REFERER"=>"/"}
D, [2014-07-05T08:54:01.520426 #594] DEBUG -- : REQUESTING PAGE: GET /about with {} and HTTP headers {"HTTP_REFERER"=>"/help"}
D, [2014-07-05T08:54:01.554450 #594] DEBUG -- : REQUESTING PAGE: GET /contact with {} and HTTP headers {"HTTP_REFERER"=>"/about"}
D, [2014-07-05T08:54:04.687723 #619] DEBUG -- : REQUESTING PAGE: GET / with {} and HTTP headers {}
D, [2014-07-05T08:54:04.791950 #619] DEBUG -- : REQUESTING PAGE: GET / with {} and HTTP headers {"HTTP_REFERER"=>"/"}
D, [2014-07-05T08:54:04.854914 #619] DEBUG -- : REQUESTING PAGE: GET /help with {} and HTTP headers {"HTTP_REFERER"=>"/"}
D, [2014-07-05T08:54:04.927569 #619] DEBUG -- : REQUESTING PAGE: GET /about with {} and HTTP headers {"HTTP_REFERER"=>"/help"}
D, [2014-07-05T08:54:05.009235 #619] DEBUG -- : REQUESTING PAGE: GET /contact with {} and HTTP headers {"HTTP_REFERER"=>"/about"}
D, [2014-07-05T08:54:07.326621 #646] DEBUG -- : REQUESTING PAGE: GET / with {} and HTTP headers {}
D, [2014-07-05T08:54:07.374014 #646] DEBUG -- : REQUESTING PAGE: GET / with {} and HTTP headers {"HTTP_REFERER"=>"/"}
D, [2014-07-05T08:54:07.409253 #646] DEBUG -- : REQUESTING PAGE: GET /help with {} and HTTP headers {"HTTP_REFERER"=>"/"}
D, [2014-07-05T08:54:07.449990 #646] DEBUG -- : REQUESTING PAGE: GET /about with {} and HTTP headers {"HTTP_REFERER"=>"/help"}
D, [2014-07-05T08:54:07.495155 #646] DEBUG -- : REQUESTING PAGE: GET /contact with {} and HTTP headers {"HTTP_REFERER"=>"/about"}
D, [2014-07-05T08:54:09.876274 #675] DEBUG -- : REQUESTING PAGE: GET / with {} and HTTP headers {}
D, [2014-07-05T08:54:09.921283 #675] DEBUG -- : REQUESTING PAGE: GET / with {} and HTTP headers {"HTTP_REFERER"=>"/"}
D, [2014-07-05T08:54:09.957407 #675] DEBUG -- : REQUESTING PAGE: GET /help with {} and HTTP headers {"HTTP_REFERER"=>"/"}
D, [2014-07-05T08:54:09.992998 #675] DEBUG -- : REQUESTING PAGE: GET /about with {} and HTTP headers {"HTTP_REFERER"=>"/help"}
D, [2014-07-05T08:54:10.026429 #675] DEBUG -- : REQUESTING PAGE: GET /contact with {} and HTTP headers {"HTTP_REFERER"=>"/about"}
D, [2014-07-05T08:54:12.073443 #701] DEBUG -- : REQUESTING PAGE: GET / with {} and HTTP headers {}
D, [2014-07-05T08:54:12.119386 #701] DEBUG -- : REQUESTING PAGE: GET / with {} and HTTP headers {"HTTP_REFERER"=>"/"}
D, [2014-07-05T08:54:12.154421 #701] DEBUG -- : REQUESTING PAGE: GET /help with {} and HTTP headers {"HTTP_REFERER"=>"/"}
D, [2014-07-05T08:54:12.190112 #701] DEBUG -- : REQUESTING PAGE: GET /about with {} and HTTP headers {"HTTP_REFERER"=>"/help"}
D, [2014-07-05T08:54:12.223735 #701] DEBUG -- : REQUESTING PAGE: GET /contact with {} and HTTP headers {"HTTP_REFERER"=>"/about"}
D, [2014-07-05T08:54:14.329425 #725] DEBUG -- : REQUESTING PAGE: GET / with {} and HTTP headers {}
D, [2014-07-05T08:54:14.393591 #725] DEBUG -- : REQUESTING PAGE: GET / with {} and HTTP headers {"HTTP_REFERER"=>"/"}
D, [2014-07-05T08:54:14.432159 #725] DEBUG -- : REQUESTING PAGE: GET /help with {} and HTTP headers {"HTTP_REFERER"=>"/"}
D, [2014-07-05T08:54:14.470691 #725] DEBUG -- : REQUESTING PAGE: GET /about with {} and HTTP headers {"HTTP_REFERER"=>"/help"}
D, [2014-07-05T08:54:14.509961 #725] DEBUG -- : REQUESTING PAGE: GET /contact with {} and HTTP headers {"HTTP_REFERER"=>"/about"}
D, [2014-07-05T08:54:16.588582 #749] DEBUG -- : REQUESTING PAGE: GET / with {} and HTTP headers {}
D, [2014-07-05T08:54:16.636962 #749] DEBUG -- : REQUESTING PAGE: GET / with {} and HTTP headers {"HTTP_REFERER"=>"/"}
D, [2014-07-05T08:54:16.673793 #749] DEBUG -- : REQUESTING PAGE: GET /help with {} and HTTP headers {"HTTP_REFERER"=>"/"}
D, [2014-07-05T08:54:16.707963 #749] DEBUG -- : REQUESTING PAGE: GET /about with {} and HTTP headers {"HTTP_REFERER"=>"/help"}
D, [2014-07-05T08:54:16.744971 #749] DEBUG -- : REQUESTING PAGE: GET /contact with {} and HTTP headers {"HTTP_REFERER"=>"/about"}
D, [2014-07-05T08:54:16.797649 #749] DEBUG -- : REQUESTING PAGE: GET /signup with {} and HTTP headers {"HTTP_REFERER"=>"/contact"}
D, [2014-07-05T08:54:19.451954 #773] DEBUG -- : REQUESTING PAGE: GET / with {} and HTTP headers {}
D, [2014-07-05T08:54:19.507342 #773] DEBUG -- : REQUESTING PAGE: GET / with {} and HTTP headers {"HTTP_REFERER"=>"/"}
D, [2014-07-05T08:54:19.557813 #773] DEBUG -- : REQUESTING PAGE: GET /help with {} and HTTP headers {"HTTP_REFERER"=>"/"}
D, [2014-07-05T08:54:19.592822 #773] DEBUG -- : REQUESTING PAGE: GET /about with {} and HTTP headers {"HTTP_REFERER"=>"/help"}
D, [2014-07-05T08:54:19.631724 #773] DEBUG -- : REQUESTING PAGE: GET /contact with {} and HTTP headers {"HTTP_REFERER"=>"/about"}
D, [2014-07-05T08:54:19.788757 #773] DEBUG -- : REQUESTING PAGE: GET /signup with {} and HTTP headers {"HTTP_REFERER"=>"/contact"}
D, [2014-07-05T08:56:23.305438 #923] DEBUG -- : REQUESTING PAGE: GET / with {} and HTTP headers {}
D, [2014-07-05T08:56:23.352046 #923] DEBUG -- : REQUESTING PAGE: GET / with {} and HTTP headers {"HTTP_REFERER"=>"/"}
D, [2014-07-05T08:56:23.393160 #923] DEBUG -- : REQUESTING PAGE: GET /help with {} and HTTP headers {"HTTP_REFERER"=>"/"}
D, [2014-07-05T08:56:23.440347 #923] DEBUG -- : REQUESTING PAGE: GET /about with {} and HTTP headers {"HTTP_REFERER"=>"/help"}
D, [2014-07-05T08:56:23.598678 #923] DEBUG -- : REQUESTING PAGE: GET /contact with {} and HTTP headers {"HTTP_REFERER"=>"/about"}
D, [2014-07-05T08:56:23.635050 #923] DEBUG -- : REQUESTING PAGE: GET /signup with {} and HTTP headers {"HTTP_REFERER"=>"/contact"}
D, [2014-07-11T07:28:00.818050 #13964] DEBUG -- : REQUESTING PAGE: GET / with {} and HTTP headers {}
D, [2014-07-11T07:28:00.957621 #13964] DEBUG -- : REQUESTING PAGE: GET / with {} and HTTP headers {"HTTP_REFERER"=>"/"}
D, [2014-07-11T07:28:00.994420 #13964] DEBUG -- : REQUESTING PAGE: GET /help with {} and HTTP headers {"HTTP_REFERER"=>"/"}
D, [2014-07-11T07:28:01.028778 #13964] DEBUG -- : REQUESTING PAGE: GET /about with {} and HTTP headers {"HTTP_REFERER"=>"/help"}
D, [2014-07-11T07:28:01.064036 #13964] DEBUG -- : REQUESTING PAGE: GET /contact with {} and HTTP headers {"HTTP_REFERER"=>"/about"}
D, [2014-07-11T07:28:01.099766 #13964] DEBUG -- : REQUESTING PAGE: GET /signup with {} and HTTP headers {"HTTP_REFERER"=>"/contact"}
D, [2014-07-11T07:36:16.856447 #14236] DEBUG -- : REQUESTING PAGE: GET / with {} and HTTP headers {}
D, [2014-07-11T07:36:16.962315 #14236] DEBUG -- : REQUESTING PAGE: GET / with {} and HTTP headers {"HTTP_REFERER"=>"/"}
D, [2014-07-11T07:36:17.033738 #14236] DEBUG -- : REQUESTING PAGE: GET /help with {} and HTTP headers {"HTTP_REFERER"=>"/"}
D, [2014-07-11T07:36:17.091926 #14236] DEBUG -- : REQUESTING PAGE: GET /about with {} and HTTP headers {"HTTP_REFERER"=>"/help"}
D, [2014-07-11T07:36:17.148839 #14236] DEBUG -- : REQUESTING PAGE: GET /contact with {} and HTTP headers {"HTTP_REFERER"=>"/about"}
D, [2014-07-11T07:36:17.228221 #14236] DEBUG -- : REQUESTING PAGE: GET /signup with {} and HTTP headers {"HTTP_REFERER"=>"/contact"}
D, [2014-07-11T07:37:43.447960 #14400] DEBUG -- : REQUESTING PAGE: GET / with {} and HTTP headers {}
D, [2014-07-11T07:37:43.491603 #14400] DEBUG -- : REQUESTING PAGE: GET / with {} and HTTP headers {"HTTP_REFERER"=>"/"}
D, [2014-07-11T07:37:43.528093 #14400] DEBUG -- : REQUESTING PAGE: GET /help with {} and HTTP headers {"HTTP_REFERER"=>"/"}
D, [2014-07-11T07:37:43.577437 #14400] DEBUG -- : REQUESTING PAGE: GET /about with {} and HTTP headers {"HTTP_REFERER"=>"/help"}
D, [2014-07-11T07:37:43.630465 #14400] DEBUG -- : REQUESTING PAGE: GET /contact with {} and HTTP headers {"HTTP_REFERER"=>"/about"}
D, [2014-07-11T07:37:43.681934 #14400] DEBUG -- : REQUESTING PAGE: GET /signup with {} and HTTP headers {"HTTP_REFERER"=>"/contact"}
D, [2014-07-11T07:41:06.325788 #14565] DEBUG -- : REQUESTING PAGE: GET / with {} and HTTP headers {}
D, [2014-07-11T07:41:06.377768 #14565] DEBUG -- : REQUESTING PAGE: GET / with {} and HTTP headers {"HTTP_REFERER"=>"/"}
D, [2014-07-11T07:41:06.420710 #14565] DEBUG -- : REQUESTING PAGE: GET /help with {} and HTTP headers {"HTTP_REFERER"=>"/"}
D, [2014-07-11T07:41:06.504885 #14565] DEBUG -- : REQUESTING PAGE: GET /about with {} and HTTP headers {"HTTP_REFERER"=>"/help"}
D, [2014-07-11T07:41:06.586473 #14565] DEBUG -- : REQUESTING PAGE: GET /contact with {} and HTTP headers {"HTTP_REFERER"=>"/about"}
D, [2014-07-11T07:41:06.675706 #14565] DEBUG -- : REQUESTING PAGE: GET /signup with {} and HTTP headers {"HTTP_REFERER"=>"/contact"}
D, [2014-07-14T14:32:00.799671 #3238] DEBUG -- : REQUESTING PAGE: GET / with {} and HTTP headers {}
D, [2014-07-14T14:32:00.910051 #3238] DEBUG -- : REQUESTING PAGE: GET / with {} and HTTP headers {"HTTP_REFERER"=>"/"}
D, [2014-07-14T14:32:01.047318 #3238] DEBUG -- : REQUESTING PAGE: GET /help with {} and HTTP headers {"HTTP_REFERER"=>"/"}
D, [2014-07-14T14:32:01.088881 #3238] DEBUG -- : REQUESTING PAGE: GET /about with {} and HTTP headers {"HTTP_REFERER"=>"/help"}
D, [2014-07-14T14:32:01.138244 #3238] DEBUG -- : REQUESTING PAGE: GET /contact with {} and HTTP headers {"HTTP_REFERER"=>"/about"}
D, [2014-07-14T14:32:01.181664 #3238] DEBUG -- : REQUESTING PAGE: GET /signup with {} and HTTP headers {"HTTP_REFERER"=>"/contact"}
D, [2014-07-14T14:34:29.667580 #3465] DEBUG -- : REQUESTING PAGE: GET / with {} and HTTP headers {}
D, [2014-07-14T14:34:29.795693 #3465] DEBUG -- : REQUESTING PAGE: GET / with {} and HTTP headers {"HTTP_REFERER"=>"/"}
D, [2014-07-14T14:34:29.831488 #3465] DEBUG -- : REQUESTING PAGE: GET /help with {} and HTTP headers {"HTTP_REFERER"=>"/"}
D, [2014-07-14T14:34:29.865253 #3465] DEBUG -- : REQUESTING PAGE: GET /about with {} and HTTP headers {"HTTP_REFERER"=>"/help"}
D, [2014-07-14T14:34:29.898994 #3465] DEBUG -- : REQUESTING PAGE: GET /contact with {} and HTTP headers {"HTTP_REFERER"=>"/about"}
D, [2014-07-14T14:34:29.932637 #3465] DEBUG -- : REQUESTING PAGE: GET /signup with {} and HTTP headers {"HTTP_REFERER"=>"/contact"}
D, [2014-07-14T16:35:07.446271 #4242] DEBUG -- : REQUESTING PAGE: GET / with {} and HTTP headers {}
D, [2014-07-14T16:35:07.515084 #4242] DEBUG -- : REQUESTING PAGE: GET / with {} and HTTP headers {"HTTP_REFERER"=>"/"}
D, [2014-07-14T16:35:07.640750 #4242] DEBUG -- : REQUESTING PAGE: GET /help with {} and HTTP headers {"HTTP_REFERER"=>"/"}
D, [2014-07-14T16:35:07.686286 #4242] DEBUG -- : REQUESTING PAGE: GET /about with {} and HTTP headers {"HTTP_REFERER"=>"/help"}
D, [2014-07-14T16:35:07.751188 #4242] DEBUG -- : REQUESTING PAGE: GET /contact with {} and HTTP headers {"HTTP_REFERER"=>"/about"}
D, [2014-07-14T16:35:07.819697 #4242] DEBUG -- : REQUESTING PAGE: GET /signup with {} and HTTP headers {"HTTP_REFERER"=>"/contact"}
D, [2014-07-14T16:35:11.471566 #4270] DEBUG -- : REQUESTING PAGE: GET / with {} and HTTP headers {}
D, [2014-07-14T16:35:11.537369 #4270] DEBUG -- : REQUESTING PAGE: GET / with {} and HTTP headers {"HTTP_REFERER"=>"/"}
D, [2014-07-14T16:35:11.668442 #4270] DEBUG -- : REQUESTING PAGE: GET /help with {} and HTTP headers {"HTTP_REFERER"=>"/"}
D, [2014-07-14T16:35:11.713311 #4270] DEBUG -- : REQUESTING PAGE: GET /about with {} and HTTP headers {"HTTP_REFERER"=>"/help"}
D, [2014-07-14T16:35:11.752930 #4270] DEBUG -- : REQUESTING PAGE: GET /contact with {} and HTTP headers {"HTTP_REFERER"=>"/about"}
D, [2014-07-14T16:35:11.787830 #4270] DEBUG -- : REQUESTING PAGE: GET /signup with {} and HTTP headers {"HTTP_REFERER"=>"/contact"}
D, [2014-07-14T16:38:50.095248 #4423] DEBUG -- : REQUESTING PAGE: GET / with {} and HTTP headers {}
D, [2014-07-14T16:38:50.215736 #4423] DEBUG -- : REQUESTING PAGE: GET / with {} and HTTP headers {"HTTP_REFERER"=>"/"}
D, [2014-07-14T16:38:50.254630 #4423] DEBUG -- : REQUESTING PAGE: GET /help with {} and HTTP headers {"HTTP_REFERER"=>"/"}
D, [2014-07-14T16:38:50.297716 #4423] DEBUG -- : REQUESTING PAGE: GET /about with {} and HTTP headers {"HTTP_REFERER"=>"/help"}
D, [2014-07-14T16:38:50.333787 #4423] DEBUG -- : REQUESTING PAGE: GET /contact with {} and HTTP headers {"HTTP_REFERER"=>"/about"}
D, [2014-07-14T16:38:50.371740 #4423] DEBUG -- : REQUESTING PAGE: GET /signup with {} and HTTP headers {"HTTP_REFERER"=>"/contact"}
D, [2014-07-14T16:42:02.412534 #4539] DEBUG -- : REQUESTING PAGE: GET / with {} and HTTP headers {}
D, [2014-07-14T16:42:02.535392 #4539] DEBUG -- : REQUESTING PAGE: GET / with {} and HTTP headers {"HTTP_REFERER"=>"/"}
D, [2014-07-14T16:42:02.575202 #4539] DEBUG -- : REQUESTING PAGE: GET /help with {} and HTTP headers {"HTTP_REFERER"=>"/"}
D, [2014-07-14T16:42:02.611555 #4539] DEBUG -- : REQUESTING PAGE: GET /about with {} and HTTP headers {"HTTP_REFERER"=>"/help"}
D, [2014-07-14T16:42:02.647264 #4539] DEBUG -- : REQUESTING PAGE: GET /contact with {} and HTTP headers {"HTTP_REFERER"=>"/about"}
D, [2014-07-14T16:42:02.683088 #4539] DEBUG -- : REQUESTING PAGE: GET /signup with {} and HTTP headers {"HTTP_REFERER"=>"/contact"}
D, [2014-07-14T16:50:07.622768 #4662] DEBUG -- : REQUESTING PAGE: GET / with {} and HTTP headers {}
D, [2014-07-14T16:50:07.744539 #4662] DEBUG -- : REQUESTING PAGE: GET / with {} and HTTP headers {"HTTP_REFERER"=>"/"}
D, [2014-07-14T16:50:07.790352 #4662] DEBUG -- : REQUESTING PAGE: GET /help with {} and HTTP headers {"HTTP_REFERER"=>"/"}
D, [2014-07-14T16:50:07.826323 #4662] DEBUG -- : REQUESTING PAGE: GET /about with {} and HTTP headers {"HTTP_REFERER"=>"/help"}
D, [2014-07-14T16:50:07.863216 #4662] DEBUG -- : REQUESTING PAGE: GET /contact with {} and HTTP headers {"HTTP_REFERER"=>"/about"}
D, [2014-07-14T16:50:07.904752 #4662] DEBUG -- : REQUESTING PAGE: GET /signup with {} and HTTP headers {"HTTP_REFERER"=>"/contact"}
D, [2014-07-14T16:58:43.749717 #4826] DEBUG -- : REQUESTING PAGE: GET / with {} and HTTP headers {}
D, [2014-07-14T16:58:43.866888 #4826] DEBUG -- : REQUESTING PAGE: GET / with {} and HTTP headers {"HTTP_REFERER"=>"/"}
D, [2014-07-14T16:58:43.903513 #4826] DEBUG -- : REQUESTING PAGE: GET /help with {} and HTTP headers {"HTTP_REFERER"=>"/"}
D, [2014-07-14T16:58:43.940813 #4826] DEBUG -- : REQUESTING PAGE: GET /about with {} and HTTP headers {"HTTP_REFERER"=>"/help"}
D, [2014-07-14T16:58:43.984818 #4826] DEBUG -- : REQUESTING PAGE: GET /contact with {} and HTTP headers {"HTTP_REFERER"=>"/about"}
D, [2014-07-14T16:58:44.047631 #4826] DEBUG -- : REQUESTING PAGE: GET /signup with {} and HTTP headers {"HTTP_REFERER"=>"/contact"}
D, [2014-07-14T16:59:33.569382 #4904] DEBUG -- : REQUESTING PAGE: GET / with {} and HTTP headers {}
D, [2014-07-14T16:59:33.615856 #4904] DEBUG -- : REQUESTING PAGE: GET / with {} and HTTP headers {"HTTP_REFERER"=>"/"}
D, [2014-07-14T16:59:33.661119 #4904] DEBUG -- : REQUESTING PAGE: GET /help with {} and HTTP headers {"HTTP_REFERER"=>"/"}
D, [2014-07-14T16:59:33.697063 #4904] DEBUG -- : REQUESTING PAGE: GET /about with {} and HTTP headers {"HTTP_REFERER"=>"/help"}
D, [2014-07-14T16:59:33.745146 #4904] DEBUG -- : REQUESTING PAGE: GET /contact with {} and HTTP headers {"HTTP_REFERER"=>"/about"}
D, [2014-07-14T16:59:33.799696 #4904] DEBUG -- : REQUESTING PAGE: GET /signup with {} and HTTP headers {"HTTP_REFERER"=>"/contact"}
D, [2014-07-14T21:48:00.745338 #5158] DEBUG -- : REQUESTING PAGE: GET / with {} and HTTP headers {}
D, [2014-07-14T21:48:00.887221 #5158] DEBUG -- : REQUESTING PAGE: GET / with {} and HTTP headers {"HTTP_REFERER"=>"/"}
D, [2014-07-14T21:48:00.962807 #5158] DEBUG -- : REQUESTING PAGE: GET /help with {} and HTTP headers {"HTTP_REFERER"=>"/"}
D, [2014-07-14T21:48:01.028586 #5158] DEBUG -- : REQUESTING PAGE: GET /about with {} and HTTP headers {"HTTP_REFERER"=>"/help"}
D, [2014-07-14T21:48:01.118814 #5158] DEBUG -- : REQUESTING PAGE: GET /contact with {} and HTTP headers {"HTTP_REFERER"=>"/about"}
D, [2014-07-14T21:48:01.210897 #5158] DEBUG -- : REQUESTING PAGE: GET /signup with {} and HTTP headers {"HTTP_REFERER"=>"/contact"}
D, [2014-07-23T17:14:59.150440 #3486] DEBUG -- : REQUESTING PAGE: GET / with {} and HTTP headers {}
D, [2014-07-23T17:14:59.215578 #3486] DEBUG -- : REQUESTING PAGE: GET / with {} and HTTP headers {"HTTP_REFERER"=>"/"}
D, [2014-07-23T17:14:59.345451 #3486] DEBUG -- : REQUESTING PAGE: GET /help with {} and HTTP headers {"HTTP_REFERER"=>"/"}
D, [2014-07-23T17:14:59.393636 #3486] DEBUG -- : REQUESTING PAGE: GET /about with {} and HTTP headers {"HTTP_REFERER"=>"/help"}
D, [2014-07-23T17:14:59.435454 #3486] DEBUG -- : REQUESTING PAGE: GET /contact with {} and HTTP headers {"HTTP_REFERER"=>"/about"}
D, [2014-07-23T17:14:59.483828 #3486] DEBUG -- : REQUESTING PAGE: GET /signup with {} and HTTP headers {"HTTP_REFERER"=>"/contact"}
D, [2014-07-25T16:57:46.868163 #6250] DEBUG -- : REQUESTING PAGE: GET / with {} and HTTP headers {}
D, [2014-07-25T16:57:47.046564 #6250] DEBUG -- : REQUESTING PAGE: GET / with {} and HTTP headers {"HTTP_REFERER"=>"/"}
D, [2014-07-25T16:57:47.107657 #6250] DEBUG -- : REQUESTING PAGE: GET /help with {} and HTTP headers {"HTTP_REFERER"=>"/"}
D, [2014-07-25T16:57:47.162408 #6250] DEBUG -- : REQUESTING PAGE: GET /about with {} and HTTP headers {"HTTP_REFERER"=>"/help"}
D, [2014-07-25T16:57:47.214417 #6250] DEBUG -- : REQUESTING PAGE: GET /contact with {} and HTTP headers {"HTTP_REFERER"=>"/about"}
D, [2014-07-25T16:57:47.324250 #6250] DEBUG -- : REQUESTING PAGE: GET /signup with {} and HTTP headers {"HTTP_REFERER"=>"/contact"}
D, [2014-07-25T17:00:23.396885 #6596] DEBUG -- : REQUESTING PAGE: GET / with {} and HTTP headers {}
D, [2014-07-25T17:00:23.563862 #6596] DEBUG -- : REQUESTING PAGE: GET / with {} and HTTP headers {"HTTP_REFERER"=>"/"}
D, [2014-07-25T17:00:23.621742 #6596] DEBUG -- : REQUESTING PAGE: GET /help with {} and HTTP headers {"HTTP_REFERER"=>"/"}
D, [2014-07-25T17:00:23.678183 #6596] DEBUG -- : REQUESTING PAGE: GET /about with {} and HTTP headers {"HTTP_REFERER"=>"/help"}
D, [2014-07-25T17:00:23.779026 #6596] DEBUG -- : REQUESTING PAGE: GET /contact with {} and HTTP headers {"HTTP_REFERER"=>"/about"}
D, [2014-07-25T17:00:23.814735 #6596] DEBUG -- : REQUESTING PAGE: GET /signup with {} and HTTP headers {"HTTP_REFERER"=>"/contact"}
D, [2014-07-25T17:01:36.157764 #6681] DEBUG -- : REQUESTING PAGE: GET / with {} and HTTP headers {}
D, [2014-07-25T17:01:36.370903 #6681] DEBUG -- : REQUESTING PAGE: GET / with {} and HTTP headers {"HTTP_REFERER"=>"/"}
D, [2014-07-25T17:01:36.427382 #6681] DEBUG -- : REQUESTING PAGE: GET /help with {} and HTTP headers {"HTTP_REFERER"=>"/"}
D, [2014-07-25T17:01:36.539790 #6681] DEBUG -- : REQUESTING PAGE: GET /about with {} and HTTP headers {"HTTP_REFERER"=>"/help"}
D, [2014-07-25T17:01:36.577294 #6681] DEBUG -- : REQUESTING PAGE: GET /contact with {} and HTTP headers {"HTTP_REFERER"=>"/about"}
D, [2014-07-25T17:01:36.624603 #6681] DEBUG -- : REQUESTING PAGE: GET /signup with {} and HTTP headers {"HTTP_REFERER"=>"/contact"}
D, [2014-07-27T13:16:20.413279 #9175] DEBUG -- : REQUESTING PAGE: GET / with {} and HTTP headers {}
D, [2014-07-27T13:16:20.633559 #9175] DEBUG -- : REQUESTING PAGE: GET / with {} and HTTP headers {"HTTP_REFERER"=>"/"}
D, [2014-07-27T13:16:20.751555 #9175] DEBUG -- : REQUESTING PAGE: GET /help with {} and HTTP headers {"HTTP_REFERER"=>"/"}
D, [2014-07-27T13:16:20.798938 #9175] DEBUG -- : REQUESTING PAGE: GET /about with {} and HTTP headers {"HTTP_REFERER"=>"/help"}
D, [2014-07-27T13:16:20.836056 #9175] DEBUG -- : REQUESTING PAGE: GET /contact with {} and HTTP headers {"HTTP_REFERER"=>"/about"}
D, [2014-07-27T13:16:20.879780 #9175] DEBUG -- : REQUESTING PAGE: GET /signup with {} and HTTP headers {"HTTP_REFERER"=>"/contact"}
D, [2014-07-29T10:34:10.320973 #14393] DEBUG -- : REQUESTING PAGE: GET / with {} and HTTP headers {}
D, [2014-07-29T10:34:10.421847 #14393] DEBUG -- : REQUESTING PAGE: GET / with {} and HTTP headers {"HTTP_REFERER"=>"/"}
D, [2014-07-29T10:34:10.536075 #14393] DEBUG -- : REQUESTING PAGE: GET /help with {} and HTTP headers {"HTTP_REFERER"=>"/"}
D, [2014-07-29T10:34:10.572720 #14393] DEBUG -- : REQUESTING PAGE: GET /about with {} and HTTP headers {"HTTP_REFERER"=>"/help"}
D, [2014-07-29T10:34:10.607897 #14393] DEBUG -- : REQUESTING PAGE: GET /contact with {} and HTTP headers {"HTTP_REFERER"=>"/about"}
D, [2014-07-29T10:34:10.643829 #14393] DEBUG -- : REQUESTING PAGE: GET /signup with {} and HTTP headers {"HTTP_REFERER"=>"/contact"}
D, [2014-07-29T10:47:52.318681 #14866] DEBUG -- : REQUESTING PAGE: GET / with {} and HTTP headers {}
D, [2014-07-29T10:47:52.452274 #14866] DEBUG -- : REQUESTING PAGE: GET / with {} and HTTP headers {"HTTP_REFERER"=>"/"}
D, [2014-07-29T10:47:52.488318 #14866] DEBUG -- : REQUESTING PAGE: GET /help with {} and HTTP headers {"HTTP_REFERER"=>"/"}
D, [2014-07-29T10:47:52.523686 #14866] DEBUG -- : REQUESTING PAGE: GET /about with {} and HTTP headers {"HTTP_REFERER"=>"/help"}
D, [2014-07-29T10:47:52.564245 #14866] DEBUG -- : REQUESTING PAGE: GET /contact with {} and HTTP headers {"HTTP_REFERER"=>"/about"}
D, [2014-07-29T10:47:52.606572 #14866] DEBUG -- : REQUESTING PAGE: GET /signup with {} and HTTP headers {"HTTP_REFERER"=>"/contact"}
D, [2014-07-29T11:49:04.453942 #15705] DEBUG -- : REQUESTING PAGE: GET / with {} and HTTP headers {}
D, [2014-07-29T11:49:04.503571 #15705] DEBUG -- : REQUESTING PAGE: GET / with {} and HTTP headers {"HTTP_REFERER"=>"/"}
D, [2014-07-29T11:49:04.544255 #15705] DEBUG -- : REQUESTING PAGE: GET /help with {} and HTTP headers {"HTTP_REFERER"=>"/"}
D, [2014-07-29T11:49:04.586530 #15705] DEBUG -- : REQUESTING PAGE: GET /about with {} and HTTP headers {"HTTP_REFERER"=>"/help"}
D, [2014-07-29T11:49:04.668687 #15705] DEBUG -- : REQUESTING PAGE: GET /contact with {} and HTTP headers {"HTTP_REFERER"=>"/about"}
D, [2014-07-29T11:49:04.772870 #15705] DEBUG -- : REQUESTING PAGE: GET /signup with {} and HTTP headers {"HTTP_REFERER"=>"/contact"}
D, [2014-07-30T10:26:45.509078 #20106] DEBUG -- : REQUESTING PAGE: GET / with {} and HTTP headers {}
D, [2014-07-30T10:26:45.557610 #20106] DEBUG -- : REQUESTING PAGE: GET / with {} and HTTP headers {"HTTP_REFERER"=>"/"}
D, [2014-07-30T10:26:45.601420 #20106] DEBUG -- : REQUESTING PAGE: GET /help with {} and HTTP headers {"HTTP_REFERER"=>"/"}
D, [2014-07-30T10:26:45.687782 #20106] DEBUG -- : REQUESTING PAGE: GET /about with {} and HTTP headers {"HTTP_REFERER"=>"/help"}
D, [2014-07-30T10:26:45.803725 #20106] DEBUG -- : REQUESTING PAGE: GET /contact with {} and HTTP headers {"HTTP_REFERER"=>"/about"}
D, [2014-07-30T10:26:45.837724 #20106] DEBUG -- : REQUESTING PAGE: GET /signup with {} and HTTP headers {"HTTP_REFERER"=>"/contact"}
D, [2014-07-30T11:02:49.385208 #20569] DEBUG -- : REQUESTING PAGE: GET / with {} and HTTP headers {}
D, [2014-07-30T11:02:49.434680 #20569] DEBUG -- : REQUESTING PAGE: GET / with {} and HTTP headers {"HTTP_REFERER"=>"/"}
D, [2014-07-30T11:02:49.488595 #20569] DEBUG -- : REQUESTING PAGE: GET /help with {} and HTTP headers {"HTTP_REFERER"=>"/"}
D, [2014-07-30T11:02:49.529193 #20569] DEBUG -- : REQUESTING PAGE: GET /about with {} and HTTP headers {"HTTP_REFERER"=>"/help"}
D, [2014-07-30T11:02:49.564569 #20569] DEBUG -- : REQUESTING PAGE: GET /contact with {} and HTTP headers {"HTTP_REFERER"=>"/about"}
D, [2014-07-30T11:02:49.602932 #20569] DEBUG -- : REQUESTING PAGE: GET /signup with {} and HTTP headers {"HTTP_REFERER"=>"/contact"}
D, [2014-07-30T11:05:47.373506 #20646] DEBUG -- : REQUESTING PAGE: GET / with {} and HTTP headers {}
D, [2014-07-30T11:05:47.592587 #20646] DEBUG -- : REQUESTING PAGE: GET / with {} and HTTP headers {"HTTP_REFERER"=>"/"}
D, [2014-07-30T11:05:47.955659 #20646] DEBUG -- : REQUESTING PAGE: GET /help with {} and HTTP headers {"HTTP_REFERER"=>"/"}
D, [2014-07-30T11:05:48.024578 #20646] DEBUG -- : REQUESTING PAGE: GET /about with {} and HTTP headers {"HTTP_REFERER"=>"/help"}
D, [2014-07-30T11:05:48.082766 #20646] DEBUG -- : REQUESTING PAGE: GET /contact with {} and HTTP headers {"HTTP_REFERER"=>"/about"}
D, [2014-07-30T11:05:48.139255 #20646] DEBUG -- : REQUESTING PAGE: GET /signup with {} and HTTP headers {"HTTP_REFERER"=>"/contact"}
D, [2014-07-30T11:44:21.751415 #21084] DEBUG -- : REQUESTING PAGE: GET / with {} and HTTP headers {}
D, [2014-07-30T11:44:21.806777 #21084] DEBUG -- : REQUESTING PAGE: GET / with {} and HTTP headers {"HTTP_REFERER"=>"/"}
D, [2014-07-30T11:44:21.844216 #21084] DEBUG -- : REQUESTING PAGE: GET /help with {} and HTTP headers {"HTTP_REFERER"=>"/"}
D, [2014-07-30T11:44:21.881325 #21084] DEBUG -- : REQUESTING PAGE: GET /about with {} and HTTP headers {"HTTP_REFERER"=>"/help"}
D, [2014-07-30T11:44:21.918986 #21084] DEBUG -- : REQUESTING PAGE: GET /contact with {} and HTTP headers {"HTTP_REFERER"=>"/about"}
D, [2014-07-30T11:44:21.954657 #21084] DEBUG -- : REQUESTING PAGE: GET /signup with {} and HTTP headers {"HTTP_REFERER"=>"/contact"}
D, [2014-07-30T12:03:41.338508 #21430] DEBUG -- : REQUESTING PAGE: GET / with {} and HTTP headers {}
D, [2014-07-30T12:03:41.395422 #21430] DEBUG -- : REQUESTING PAGE: GET / with {} and HTTP headers {"HTTP_REFERER"=>"/"}
D, [2014-07-30T12:03:41.495973 #21430] DEBUG -- : REQUESTING PAGE: GET /help with {} and HTTP headers {"HTTP_REFERER"=>"/"}
D, [2014-07-30T12:03:41.532933 #21430] DEBUG -- : REQUESTING PAGE: GET /about with {} and HTTP headers {"HTTP_REFERER"=>"/help"}
D, [2014-07-30T12:03:41.569178 #21430] DEBUG -- : REQUESTING PAGE: GET /contact with {} and HTTP headers {"HTTP_REFERER"=>"/about"}
D, [2014-07-30T12:03:41.603255 #21430] DEBUG -- : REQUESTING PAGE: GET /signup with {} and HTTP headers {"HTTP_REFERER"=>"/contact"}
D, [2014-07-31T10:14:16.918713 #24161] DEBUG -- : REQUESTING PAGE: GET / with {} and HTTP headers {}
D, [2014-07-31T10:14:17.159931 #24161] DEBUG -- : REQUESTING PAGE: GET / with {} and HTTP headers {"HTTP_REFERER"=>"/"}
D, [2014-07-31T10:14:17.278266 #24161] DEBUG -- : REQUESTING PAGE: GET /help with {} and HTTP headers {"HTTP_REFERER"=>"/"}
D, [2014-07-31T10:14:17.313778 #24161] DEBUG -- : REQUESTING PAGE: GET /about with {} and HTTP headers {"HTTP_REFERER"=>"/help"}
D, [2014-07-31T10:14:17.354247 #24161] DEBUG -- : REQUESTING PAGE: GET /contact with {} and HTTP headers {"HTTP_REFERER"=>"/about"}
D, [2014-07-31T10:14:17.408763 #24161] DEBUG -- : REQUESTING PAGE: GET /signup with {} and HTTP headers {"HTTP_REFERER"=>"/contact"}
D, [2014-07-31T10:20:53.955095 #24704] DEBUG -- : REQUESTING PAGE: GET / with {} and HTTP headers {}
D, [2014-07-31T10:20:54.212005 #24704] DEBUG -- : REQUESTING PAGE: GET / with {} and HTTP headers {"HTTP_REFERER"=>"/"}
D, [2014-07-31T10:20:54.321935 #24704] DEBUG -- : REQUESTING PAGE: GET /help with {} and HTTP headers {"HTTP_REFERER"=>"/"}
D, [2014-07-31T10:20:54.358610 #24704] DEBUG -- : REQUESTING PAGE: GET /about with {} and HTTP headers {"HTTP_REFERER"=>"/help"}
D, [2014-07-31T10:20:54.398513 #24704] DEBUG -- : REQUESTING PAGE: GET /contact with {} and HTTP headers {"HTTP_REFERER"=>"/about"}
D, [2014-07-31T10:20:54.452271 #24704] DEBUG -- : REQUESTING PAGE: GET /signup with {} and HTTP headers {"HTTP_REFERER"=>"/contact"}
D, [2014-07-31T10:21:21.366651 #24755] DEBUG -- : REQUESTING PAGE: GET / with {} and HTTP headers {}
D, [2014-07-31T10:21:21.617664 #24755] DEBUG -- : REQUESTING PAGE: GET / with {} and HTTP headers {"HTTP_REFERER"=>"/"}
D, [2014-07-31T10:21:21.664821 #24755] DEBUG -- : REQUESTING PAGE: GET /help with {} and HTTP headers {"HTTP_REFERER"=>"/"}
D, [2014-07-31T10:21:21.718659 #24755] DEBUG -- : REQUESTING PAGE: GET /about with {} and HTTP headers {"HTTP_REFERER"=>"/help"}
D, [2014-07-31T10:21:21.772817 #24755] DEBUG -- : REQUESTING PAGE: GET /contact with {} and HTTP headers {"HTTP_REFERER"=>"/about"}
D, [2014-07-31T10:21:21.826622 #24755] DEBUG -- : REQUESTING PAGE: GET /signup with {} and HTTP headers {"HTTP_REFERER"=>"/contact"}
D, [2014-07-31T10:21:47.009935 #24805] DEBUG -- : REQUESTING PAGE: GET / with {} and HTTP headers {}
D, [2014-07-31T10:21:47.259839 #24805] DEBUG -- : REQUESTING PAGE: GET / with {} and HTTP headers {"HTTP_REFERER"=>"/"}
D, [2014-07-31T10:21:47.302376 #24805] DEBUG -- : REQUESTING PAGE: GET /help with {} and HTTP headers {"HTTP_REFERER"=>"/"}
D, [2014-07-31T10:21:47.356989 #24805] DEBUG -- : REQUESTING PAGE: GET /about with {} and HTTP headers {"HTTP_REFERER"=>"/help"}
D, [2014-07-31T10:21:47.415058 #24805] DEBUG -- : REQUESTING PAGE: GET /contact with {} and HTTP headers {"HTTP_REFERER"=>"/about"}
D, [2014-07-31T10:21:47.476470 #24805] DEBUG -- : REQUESTING PAGE: GET /signup with {} and HTTP headers {"HTTP_REFERER"=>"/contact"}
D, [2014-07-31T10:55:32.124184 #25867] DEBUG -- : REQUESTING PAGE: GET / with {} and HTTP headers {}
D, [2014-07-31T10:55:32.403954 #25867] DEBUG -- : REQUESTING PAGE: GET / with {} and HTTP headers {"HTTP_REFERER"=>"/"}
D, [2014-07-31T10:55:32.454019 #25867] DEBUG -- : REQUESTING PAGE: GET /help with {} and HTTP headers {"HTTP_REFERER"=>"/"}
D, [2014-07-31T10:55:32.509416 #25867] DEBUG -- : REQUESTING PAGE: GET /about with {} and HTTP headers {"HTTP_REFERER"=>"/help"}
D, [2014-07-31T10:55:32.564584 #25867] DEBUG -- : REQUESTING PAGE: GET /contact with {} and HTTP headers {"HTTP_REFERER"=>"/about"}
D, [2014-07-31T10:55:32.629917 #25867] DEBUG -- : REQUESTING PAGE: GET /signup with {} and HTTP headers {"HTTP_REFERER"=>"/contact"}
D, [2014-07-31T11:47:58.236454 #26953] DEBUG -- : REQUESTING PAGE: GET / with {} and HTTP headers {}
D, [2014-07-31T11:47:58.642319 #26953] DEBUG -- : REQUESTING PAGE: GET / with {} and HTTP headers {"HTTP_REFERER"=>"/"}
D, [2014-07-31T11:47:58.689095 #26953] DEBUG -- : REQUESTING PAGE: GET /help with {} and HTTP headers {"HTTP_REFERER"=>"/"}
D, [2014-07-31T11:47:58.743310 #26953] DEBUG -- : REQUESTING PAGE: GET /about with {} and HTTP headers {"HTTP_REFERER"=>"/help"}
D, [2014-07-31T11:47:58.797790 #26953] DEBUG -- : REQUESTING PAGE: GET /contact with {} and HTTP headers {"HTTP_REFERER"=>"/about"}
D, [2014-07-31T11:47:58.926855 #26953] DEBUG -- : REQUESTING PAGE: GET /signup with {} and HTTP headers {"HTTP_REFERER"=>"/contact"}
D, [2014-07-31T11:48:24.519783 #27015] DEBUG -- : REQUESTING PAGE: GET / with {} and HTTP headers {}
D, [2014-07-31T11:48:24.620181 #27015] DEBUG -- : REQUESTING PAGE: GET / with {} and HTTP headers {"HTTP_REFERER"=>"/"}
D, [2014-07-31T11:48:24.673819 #27015] DEBUG -- : REQUESTING PAGE: GET /help with {} and HTTP headers {"HTTP_REFERER"=>"/"}
D, [2014-07-31T11:48:24.729405 #27015] DEBUG -- : REQUESTING PAGE: GET /about with {} and HTTP headers {"HTTP_REFERER"=>"/help"}
D, [2014-07-31T11:48:24.802128 #27015] DEBUG -- : REQUESTING PAGE: GET /contact with {} and HTTP headers {"HTTP_REFERER"=>"/about"}
D, [2014-07-31T11:48:24.921915 #27015] DEBUG -- : REQUESTING PAGE: GET /signup with {} and HTTP headers {"HTTP_REFERER"=>"/contact"}
D, [2014-07-31T11:49:03.922588 #27101] DEBUG -- : REQUESTING PAGE: GET / with {} and HTTP headers {}
D, [2014-07-31T11:49:03.984052 #27101] DEBUG -- : REQUESTING PAGE: GET / with {} and HTTP headers {"HTTP_REFERER"=>"/"}
D, [2014-07-31T11:49:04.037640 #27101] DEBUG -- : REQUESTING PAGE: GET /help with {} and HTTP headers {"HTTP_REFERER"=>"/"}
D, [2014-07-31T11:49:04.091456 #27101] DEBUG -- : REQUESTING PAGE: GET /about with {} and HTTP headers {"HTTP_REFERER"=>"/help"}
D, [2014-07-31T11:49:04.213325 #27101] DEBUG -- : REQUESTING PAGE: GET /contact with {} and HTTP headers {"HTTP_REFERER"=>"/about"}
D, [2014-07-31T11:49:04.255170 #27101] DEBUG -- : REQUESTING PAGE: GET /signup with {} and HTTP headers {"HTTP_REFERER"=>"/contact"}
D, [2014-07-31T13:35:42.088537 #27765] DEBUG -- : REQUESTING PAGE: GET / with {} and HTTP headers {}
D, [2014-07-31T13:35:42.157565 #27765] DEBUG -- : REQUESTING PAGE: GET / with {} and HTTP headers {"HTTP_REFERER"=>"/"}
D, [2014-07-31T13:35:42.210534 #27765] DEBUG -- : REQUESTING PAGE: GET /help with {} and HTTP headers {"HTTP_REFERER"=>"/"}
D, [2014-07-31T13:35:42.262113 #27765] DEBUG -- : REQUESTING PAGE: GET /about with {} and HTTP headers {"HTTP_REFERER"=>"/help"}
D, [2014-07-31T13:35:42.383043 #27765] DEBUG -- : REQUESTING PAGE: GET /contact with {} and HTTP headers {"HTTP_REFERER"=>"/about"}
D, [2014-07-31T13:35:42.416847 #27765] DEBUG -- : REQUESTING PAGE: GET /signup with {} and HTTP headers {"HTTP_REFERER"=>"/contact"}
D, [2014-07-31T13:37:05.150412 #27860] DEBUG -- : REQUESTING PAGE: GET / with {} and HTTP headers {}
D, [2014-07-31T13:37:05.199827 #27860] DEBUG -- : REQUESTING PAGE: GET / with {} and HTTP headers {"HTTP_REFERER"=>"/"}
D, [2014-07-31T13:37:05.321804 #27860] DEBUG -- : REQUESTING PAGE: GET /help with {} and HTTP headers {"HTTP_REFERER"=>"/"}
D, [2014-07-31T13:37:05.358902 #27860] DEBUG -- : REQUESTING PAGE: GET /about with {} and HTTP headers {"HTTP_REFERER"=>"/help"}
D, [2014-07-31T13:37:05.392734 #27860] DEBUG -- : REQUESTING PAGE: GET /contact with {} and HTTP headers {"HTTP_REFERER"=>"/about"}
D, [2014-07-31T13:37:05.426819 #27860] DEBUG -- : REQUESTING PAGE: GET /signup with {} and HTTP headers {"HTTP_REFERER"=>"/contact"}
